::1 - - [13/Jul/2023:11:58:54 +0000] "GET /api/equipment.locate HTTP/1.1" 500 74 "-" "PostmanRuntime/7.32.3"
::1 - - [13/Jul/2023:11:59:12 +0000] "GET /api/equipment.locate?q=dsaasdas HTTP/1.1" 500 74 "-" "PostmanRuntime/7.32.3"
::1 - - [13/Jul/2023:12:10:54 +0000] "GET /api/equipment.locate?q=dsaasdas HTTP/1.1" 500 74 "-" "PostmanRuntime/7.32.3"
::1 - - [13/Jul/2023:12:17:54 +0000] "GET /api/equipment.locate?q=dsaasdas HTTP/1.1" 200 13 "-" "PostmanRuntime/7.32.3"
::1 - - [13/Jul/2023:12:19:50 +0000] "GET /api/equipment.locate?q=dsaasdas HTTP/1.1" 404 33 "-" "PostmanRuntime/7.32.3"
::1 - - [13/Jul/2023:12:20:22 +0000] "GET /api/equipment.locate?q=000002 HTTP/1.1" 200 236 "-" "PostmanRuntime/7.32.3"
::1 - - [13/Jul/2023:12:22:13 +0000] "GET /api/equipment.queryDetails?q=000002 HTTP/1.1" 200 236 "-" "PostmanRuntime/7.32.3"
::1 - - [13/Jul/2023:12:25:25 +0000] "GET /api/equipment.queryDetails?q=000002 HTTP/1.1" 200 236 "-" "PostmanRuntime/7.32.3"
::1 - - [13/Jul/2023:13:17:21 +0000] "GET /api/equipment.locate?q=000002 HTTP/1.1" 200 31 "-" "PostmanRuntime/7.32.3"
::1 - - [13/Jul/2023:13:20:25 +0000] "GET /api/equipment.locate?q=000002 HTTP/1.1" 500 169 "-" "PostmanRuntime/7.32.3"
::1 - - [13/Jul/2023:13:21:14 +0000] "GET /api/equipment.locate?q=000002 HTTP/1.1" 500 169 "-" "PostmanRuntime/7.32.3"
::1 - - [13/Jul/2023:13:22:44 +0000] "GET /api/equipment.locate?q=000002 HTTP/1.1" 200 103 "-" "PostmanRuntime/7.32.3"
::1 - - [13/Jul/2023:13:27:48 +0000] "GET /api/equipment.queryDetails?q=000002 HTTP/1.1" 200 269 "-" "PostmanRuntime/7.32.3"
::1 - - [13/Jul/2023:13:27:57 +0000] "GET /api/equipment.locate?q=000002 HTTP/1.1" 200 103 "-" "PostmanRuntime/7.32.3"
::1 - - [13/Jul/2023:13:28:01 +0000] "GET /api/equipment.queryDetails?q=000002 HTTP/1.1" 200 352 "-" "PostmanRuntime/7.32.3"
::1 - - [13/Jul/2023:13:38:29 +0000] "POST /api/auth.login HTTP/1.1" 404 - "-" "PostmanRuntime/7.32.3"
::1 - - [13/Jul/2023:13:38:52 +0000] "POST /api/auth.login HTTP/1.1" 404 - "-" "PostmanRuntime/7.32.3"
::1 - - [13/Jul/2023:13:40:01 +0000] "POST /api/auth.login HTTP/1.1" 404 - "-" "PostmanRuntime/7.32.3"
::1 - - [13/Jul/2023:13:40:52 +0000] "POST /api/auth.login HTTP/1.1" 200 16 "-" "PostmanRuntime/7.32.3"
::1 - - [13/Jul/2023:13:40:59 +0000] "POST /api/auth.login HTTP/1.1" 404 - "-" "PostmanRuntime/7.32.3"
::1 - - [13/Jul/2023:13:41:04 +0000] "POST /api/auth.login HTTP/1.1" 200 16 "-" "PostmanRuntime/7.32.3"
::1 - - [13/Jul/2023:14:23:36 +0000] "POST /api/equipment.reportMissing HTTP/1.1" 500 92 "-" "PostmanRuntime/7.32.3"
::1 - - [13/Jul/2023:14:24:32 +0000] "POST /api/equipment.reportMissing HTTP/1.1" 500 61 "-" "PostmanRuntime/7.32.3"
::1 - - [13/Jul/2023:14:31:45 +0000] "POST /api/equipment.reportMissing HTTP/1.1" 200 352 "-" "PostmanRuntime/7.32.3"
::1 - - [13/Jul/2023:14:33:55 +0000] "POST /api/equipment.reportMissing HTTP/1.1" 200 67 "-" "PostmanRuntime/7.32.3"
::1 - - [14/Jul/2023:13:46:04 +0000] "GET /api/equipment.locate?q=000002 HTTP/1.1" 200 122 "-" "PostmanRuntime/7.32.3"
::1 - - [14/Jul/2023:13:46:27 +0000] "GET /api/equipment.query?q=000002 HTTP/1.1" 200 427 "-" "PostmanRuntime/7.32.3"
::1 - - [16/Jul/2023:06:31:23 +0000] "GET /api/equipment.locate?q=000002 HTTP/1.1" 500 68 "-" "PostmanRuntime/7.32.3"
::1 - - [16/Jul/2023:06:33:15 +0000] "GET /api/equipment.locate?q=000002 HTTP/1.1" 500 61 "-" "PostmanRuntime/7.32.3"
::1 - - [16/Jul/2023:06:35:31 +0000] "GET /api/equipment.locate?q=000002 HTTP/1.1" 500 61 "-" "PostmanRuntime/7.32.3"
::1 - - [16/Jul/2023:06:37:42 +0000] "GET /api/equipment.locate?q=000002 HTTP/1.1" 500 61 "-" "PostmanRuntime/7.32.3"
::1 - - [16/Jul/2023:06:41:36 +0000] "GET /api/equipment.locate?q=000002 HTTP/1.1" 500 61 "-" "PostmanRuntime/7.32.3"
::1 - - [16/Jul/2023:06:42:40 +0000] "GET /api/equipment.locate?q=000002 HTTP/1.1" 500 61 "-" "PostmanRuntime/7.32.3"
::1 - - [16/Jul/2023:06:43:08 +0000] "GET /api/equipment.locate?q=000002 HTTP/1.1" 500 80 "-" "PostmanRuntime/7.32.3"
::1 - - [16/Jul/2023:06:51:04 +0000] "GET /api/equipment.locate?q=000002 HTTP/1.1" 500 80 "-" "PostmanRuntime/7.32.3"
::1 - - [16/Jul/2023:06:57:39 +0000] "GET /api/equipment.locate?q=000002 HTTP/1.1" 500 80 "-" "PostmanRuntime/7.32.3"
::1 - - [16/Jul/2023:06:57:41 +0000] "GET /api/equipment.locate?q=000002 HTTP/1.1" 500 80 "-" "PostmanRuntime/7.32.3"
::1 - - [16/Jul/2023:07:09:37 +0000] "GET /api/equipment.locate?q=000002 HTTP/1.1" 500 61 "-" "PostmanRuntime/7.32.3"
::1 - - [16/Jul/2023:07:11:17 +0000] "GET /api/equipment.locate?q=000002 HTTP/1.1" 500 61 "-" "PostmanRuntime/7.32.3"
::1 - - [16/Jul/2023:14:10:23 +0000] "GET /api/equipment.locate?q=000002 HTTP/1.1" 200 129 "-" "PostmanRuntime/7.32.3"
::1 - - [16/Jul/2023:14:15:20 +0000] "GET /api/equipment.locate?q=000002 HTTP/1.1" 200 129 "-" "PostmanRuntime/7.32.3"
::1 - - [16/Jul/2023:14:21:41 +0000] "GET /api/equipment.locate?q=000002 HTTP/1.1" 200 132 "-" "PostmanRuntime/7.32.3"
::1 - - [16/Jul/2023:14:24:55 +0000] "GET /api/equipment.locate?q=000002 HTTP/1.1" 200 147 "-" "PostmanRuntime/7.32.3"
::1 - - [16/Jul/2023:14:25:57 +0000] "GET /api/equipment.locate?q=000002 HTTP/1.1" 200 147 "-" "PostmanRuntime/7.32.3"
::1 - - [16/Jul/2023:14:26:58 +0000] "GET /api/equipment.query?q=000002 HTTP/1.1" 200 396 "-" "PostmanRuntime/7.32.3"
::1 - - [16/Jul/2023:14:27:59 +0000] "GET /api/equipment.locate?q=000002 HTTP/1.1" 200 147 "-" "PostmanRuntime/7.32.3"
::1 - - [16/Jul/2023:14:32:21 +0000] "GET /api/equipment.locate?q=000002 HTTP/1.1" 500 61 "-" "PostmanRuntime/7.32.3"
::1 - - [16/Jul/2023:14:32:36 +0000] "GET /api/equipment.locate?q=000002 HTTP/1.1" 200 232 "-" "PostmanRuntime/7.32.3"
::1 - - [16/Jul/2023:16:45:38 +0000] "GET /api/equipment.query?q=000002 HTTP/1.1" 200 396 "-" "PostmanRuntime/7.32.3"
::1 - - [16/Jul/2023:16:46:32 +0000] "POST /api/auth.login HTTP/1.1" 200 16 "-" "PostmanRuntime/7.32.3"
::1 - - [16/Jul/2023:17:08:21 +0000] "GET /api/equipment.list HTTP/1.1" 404 52 "-" "PostmanRuntime/7.32.3"
::1 - - [16/Jul/2023:17:16:03 +0000] "GET /api/equipment.list HTTP/1.1" 200 3370 "-" "PostmanRuntime/7.32.3"
